<?xml version="1.0" encoding="UTF-8"?>
<robot generator="Robot 3.2.2 (Python 3.7.3 on win32)" generated="20201125 00:06:11.152" rpa="false">
<suite id="s1" name="Register Test" source="F:\DD-DINNER-DOG\Demo-robot\testcases\register_test.robot">
<test id="s1-t1" name="Valid Register">
<kw name="Open Browser To DD Dinner Dog">
<kw name="Open Browser" library="SeleniumLibrary">
<doc>Opens a new browser instance to the optional ``url``.</doc>
<arguments>
<arg>${REGISTER URL}</arg>
<arg>${BROWSER}</arg>
</arguments>
<msg timestamp="20201125 00:06:11.417" level="INFO">Opening browser 'Chrome' to base url 'http://localhost:3000/register'.</msg>
<status status="PASS" starttime="20201125 00:06:11.416" endtime="20201125 00:06:15.809"></status>
</kw>
<kw name="Title Should Be" library="SeleniumLibrary">
<doc>Verifies that the current page title equals ``title``.</doc>
<arguments>
<arg>DD Dinner Dog</arg>
</arguments>
<msg timestamp="20201125 00:06:15.815" level="INFO">Page title is 'DD Dinner Dog'.</msg>
<status status="PASS" starttime="20201125 00:06:15.810" endtime="20201125 00:06:15.815"></status>
</kw>
<status status="PASS" starttime="20201125 00:06:11.416" endtime="20201125 00:06:15.816"></status>
</kw>
<kw name="Input Email">
<arguments>
<arg>${email}</arg>
</arguments>
<kw name="Input Text" library="SeleniumLibrary">
<doc>Types the given ``text`` into the text field identified by ``locator``.</doc>
<arguments>
<arg>id = email</arg>
<arg>${email}</arg>
<arg>${old_email}</arg>
</arguments>
<msg timestamp="20201125 00:06:15.817" level="INFO">Typing text 'bank1333@gmail.com' into text field 'id = email'.</msg>
<status status="PASS" starttime="20201125 00:06:15.816" endtime="20201125 00:06:16.165"></status>
</kw>
<status status="PASS" starttime="20201125 00:06:15.816" endtime="20201125 00:06:16.166"></status>
</kw>
<kw name="Input Password">
<arguments>
<arg>${password}</arg>
</arguments>
<kw name="Input Text" library="SeleniumLibrary">
<doc>Types the given ``text`` into the text field identified by ``locator``.</doc>
<arguments>
<arg>id = password</arg>
<arg>${password}</arg>
<arg>${old_password}</arg>
</arguments>
<msg timestamp="20201125 00:06:16.168" level="INFO">Typing text '1333' into text field 'id = password'.</msg>
<status status="PASS" starttime="20201125 00:06:16.167" endtime="20201125 00:06:16.313"></status>
</kw>
<status status="PASS" starttime="20201125 00:06:16.166" endtime="20201125 00:06:16.314"></status>
</kw>
<kw name="Input Confirm Password">
<arguments>
<arg>${password}</arg>
</arguments>
<kw name="Input Text" library="SeleniumLibrary">
<doc>Types the given ``text`` into the text field identified by ``locator``.</doc>
<arguments>
<arg>id = confirm</arg>
<arg>${password}</arg>
<arg>${old_password}</arg>
</arguments>
<msg timestamp="20201125 00:06:16.315" level="INFO">Typing text '1333' into text field 'id = confirm'.</msg>
<status status="PASS" starttime="20201125 00:06:16.315" endtime="20201125 00:06:16.450"></status>
</kw>
<status status="PASS" starttime="20201125 00:06:16.314" endtime="20201125 00:06:16.450"></status>
</kw>
<kw name="Input Nickname">
<arguments>
<arg>${nickname}</arg>
</arguments>
<kw name="Input Text" library="SeleniumLibrary">
<doc>Types the given ``text`` into the text field identified by ``locator``.</doc>
<arguments>
<arg>id = nickname</arg>
<arg>${nickname}</arg>
</arguments>
<msg timestamp="20201125 00:06:16.452" level="INFO">Typing text 'bankNatchapol' into text field 'id = nickname'.</msg>
<status status="PASS" starttime="20201125 00:06:16.451" endtime="20201125 00:06:16.661"></status>
</kw>
<status status="PASS" starttime="20201125 00:06:16.451" endtime="20201125 00:06:16.661"></status>
</kw>
<kw name="Submit Credentials">
<kw name="Click Button" library="SeleniumLibrary">
<doc>Clicks the button identified by ``locator``.</doc>
<arguments>
<arg>id = register_button</arg>
</arguments>
<msg timestamp="20201125 00:06:16.662" level="INFO">Clicking button 'id = register_button'.</msg>
<status status="PASS" starttime="20201125 00:06:16.662" endtime="20201125 00:06:16.768"></status>
</kw>
<status status="PASS" starttime="20201125 00:06:16.662" endtime="20201125 00:06:16.769"></status>
</kw>
<kw name="login Page Should Be Open">
<kw name="Title Should Be" library="SeleniumLibrary">
<doc>Verifies that the current page title equals ``title``.</doc>
<arguments>
<arg>DD Dinner Dog</arg>
</arguments>
<msg timestamp="20201125 00:06:16.782" level="INFO">Page title is 'DD Dinner Dog'.</msg>
<status status="PASS" starttime="20201125 00:06:16.771" endtime="20201125 00:06:16.782"></status>
</kw>
<status status="PASS" starttime="20201125 00:06:16.770" endtime="20201125 00:06:16.783"></status>
</kw>
<kw name="Close Browser" library="SeleniumLibrary">
<doc>Closes the current browser.</doc>
<status status="PASS" starttime="20201125 00:06:16.783" endtime="20201125 00:06:18.942"></status>
</kw>
<status status="PASS" starttime="20201125 00:06:11.415" endtime="20201125 00:06:18.943" critical="yes"></status>
</test>
<test id="s1-t2" name="Invalid Register">
<kw name="Open Browser To DD Dinner Dog">
<kw name="Open Browser" library="SeleniumLibrary">
<doc>Opens a new browser instance to the optional ``url``.</doc>
<arguments>
<arg>${REGISTER URL}</arg>
<arg>${BROWSER}</arg>
</arguments>
<msg timestamp="20201125 00:06:18.947" level="INFO">Opening browser 'Chrome' to base url 'http://localhost:3000/register'.</msg>
<status status="PASS" starttime="20201125 00:06:18.946" endtime="20201125 00:06:23.481"></status>
</kw>
<kw name="Title Should Be" library="SeleniumLibrary">
<doc>Verifies that the current page title equals ``title``.</doc>
<arguments>
<arg>DD Dinner Dog</arg>
</arguments>
<msg timestamp="20201125 00:06:23.486" level="INFO">Page title is 'DD Dinner Dog'.</msg>
<status status="PASS" starttime="20201125 00:06:23.481" endtime="20201125 00:06:23.486"></status>
</kw>
<status status="PASS" starttime="20201125 00:06:18.946" endtime="20201125 00:06:23.486"></status>
</kw>
<kw name="Input Email">
<arguments>
<arg>${old_email}</arg>
</arguments>
<kw name="Input Text" library="SeleniumLibrary">
<doc>Types the given ``text`` into the text field identified by ``locator``.</doc>
<arguments>
<arg>id = email</arg>
<arg>${email}</arg>
<arg>${old_email}</arg>
</arguments>
<msg timestamp="20201125 00:06:23.488" level="INFO">Typing text 'nene199@gmail.com' into text field 'id = email'.</msg>
<status status="PASS" starttime="20201125 00:06:23.488" endtime="20201125 00:06:23.831"></status>
</kw>
<status status="PASS" starttime="20201125 00:06:23.486" endtime="20201125 00:06:23.831"></status>
</kw>
<kw name="Input Password">
<arguments>
<arg>${old_password}</arg>
</arguments>
<kw name="Input Text" library="SeleniumLibrary">
<doc>Types the given ``text`` into the text field identified by ``locator``.</doc>
<arguments>
<arg>id = password</arg>
<arg>${password}</arg>
<arg>${old_password}</arg>
</arguments>
<msg timestamp="20201125 00:06:23.833" level="INFO">Typing text '2020' into text field 'id = password'.</msg>
<status status="PASS" starttime="20201125 00:06:23.832" endtime="20201125 00:06:24.004"></status>
</kw>
<status status="PASS" starttime="20201125 00:06:23.832" endtime="20201125 00:06:24.005"></status>
</kw>
<kw name="Input Confirm Password">
<arguments>
<arg>${old_password}</arg>
</arguments>
<kw name="Input Text" library="SeleniumLibrary">
<doc>Types the given ``text`` into the text field identified by ``locator``.</doc>
<arguments>
<arg>id = confirm</arg>
<arg>${password}</arg>
<arg>${old_password}</arg>
</arguments>
<msg timestamp="20201125 00:06:24.006" level="INFO">Typing text '2020' into text field 'id = confirm'.</msg>
<status status="PASS" starttime="20201125 00:06:24.006" endtime="20201125 00:06:24.156"></status>
</kw>
<status status="PASS" starttime="20201125 00:06:24.005" endtime="20201125 00:06:24.157"></status>
</kw>
<kw name="Input Nickname1">
<arguments>
<arg>${old_nickname}</arg>
</arguments>
<kw name="Input Text" library="SeleniumLibrary">
<doc>Types the given ``text`` into the text field identified by ``locator``.</doc>
<arguments>
<arg>id = nickname</arg>
<arg>${old_nickname}</arg>
</arguments>
<msg timestamp="20201125 00:06:24.159" level="INFO">Typing text 'nene' into text field 'id = nickname'.</msg>
<status status="PASS" starttime="20201125 00:06:24.158" endtime="20201125 00:06:24.309"></status>
</kw>
<status status="PASS" starttime="20201125 00:06:24.157" endtime="20201125 00:06:24.310"></status>
</kw>
<kw name="Submit Credentials">
<kw name="Click Button" library="SeleniumLibrary">
<doc>Clicks the button identified by ``locator``.</doc>
<arguments>
<arg>id = register_button</arg>
</arguments>
<msg timestamp="20201125 00:06:24.312" level="INFO">Clicking button 'id = register_button'.</msg>
<status status="PASS" starttime="20201125 00:06:24.311" endtime="20201125 00:06:24.436"></status>
</kw>
<status status="PASS" starttime="20201125 00:06:24.310" endtime="20201125 00:06:24.436"></status>
</kw>
<kw name="Wait Until Page Contains" library="SeleniumLibrary">
<doc>Waits until ``text`` appears on the current page.</doc>
<arguments>
<arg>Registration Fail.</arg>
</arguments>
<status status="PASS" starttime="20201125 00:06:24.437" endtime="20201125 00:06:24.486"></status>
</kw>
<kw name="Close Browser" library="SeleniumLibrary">
<doc>Closes the current browser.</doc>
<status status="PASS" starttime="20201125 00:06:24.486" endtime="20201125 00:06:26.701"></status>
</kw>
<status status="PASS" starttime="20201125 00:06:18.945" endtime="20201125 00:06:26.702" critical="yes"></status>
</test>
<doc>Simple example using SeleniumLibrary.</doc>
<status status="PASS" starttime="20201125 00:06:11.154" endtime="20201125 00:06:26.704"></status>
</suite>
<statistics>
<total>
<stat pass="2" fail="0">Critical Tests</stat>
<stat pass="2" fail="0">All Tests</stat>
</total>
<tag>
</tag>
<suite>
<stat pass="2" fail="0" id="s1" name="Register Test">Register Test</stat>
</suite>
</statistics>
<errors>
</errors>
</robot>
