<?xml version="1.0" encoding="UTF-8"?>
<robot generator="Robot 3.2.2 (Python 3.7.3 on win32)" generated="20201026 21:19:32.449" rpa="false">
<suite id="s1" name="Testcases" source="F:\SE\Demo-robot\testcases">
<suite id="s1-s1" name="Demo Api" source="F:\SE\Demo-robot\testcases\demo_api.robot">
<test id="s1-s1-t1" name="TC_002 Get request for REST API">
<kw name="Create Session" library="RequestsLibrary">
<doc>Create Session: create a HTTP session to a server</doc>
<arguments>
<arg>get_session</arg>
<arg>${url}</arg>
<arg>disable_warnings=1</arg>
</arguments>
<msg timestamp="20201026 21:19:32.634" level="INFO">Creating Session using : alias=get_session, url=https://reqres.in, headers={},                     cookies={}, auth=None, timeout=None, proxies=None, verify=False,                     debug=0 </msg>
<status status="PASS" starttime="20201026 21:19:32.634" endtime="20201026 21:19:32.635"></status>
</kw>
<kw name="Get Request" library="RequestsLibrary">
<doc>Send a GET request on the session object found using the
given `alias`</doc>
<arguments>
<arg>get_session</arg>
<arg>${api_get_user}</arg>
</arguments>
<assign>
<var>${response}</var>
</assign>
<msg timestamp="20201026 21:19:33.146" level="INFO">GET Request : url=https://reqres.in/api/users/2 
 path_url=/api/users/2 
 headers={'User-Agent': 'python-requests/2.24.0', 'Accept-Encoding': 'gzip, deflate', 'Accept': '*/*', 'Connection': 'keep-alive'} 
 body=None 
 </msg>
<msg timestamp="20201026 21:19:33.146" level="INFO">GET Response : url=https://reqres.in/api/users/2 
 status=200, reason=OK 
 body={"data":{"id":2,"email":"janet.weaver@reqres.in","first_name":"Janet","last_name":"Weaver","avatar":"https://s3.amazonaws.com/uifaces/faces/twitter/josephstein/128.jpg"},"ad":{"company":"StatusCode Weekly","url":"http://statuscode.org/","text":"A weekly newsletter focusing on software development, infrastructure, the server, performance, and the stack end of things."}} 
 </msg>
<msg timestamp="20201026 21:19:33.147" level="INFO">${response} = &lt;Response [200]&gt;</msg>
<status status="PASS" starttime="20201026 21:19:32.636" endtime="20201026 21:19:33.147"></status>
</kw>
<kw name="Should Be Equal As Strings" library="BuiltIn">
<doc>Fails if objects are unequal after converting them to strings.</doc>
<arguments>
<arg>${response.status_code}</arg>
<arg>200</arg>
</arguments>
<msg timestamp="20201026 21:19:33.149" level="INFO">Argument types are:
&lt;class 'int'&gt;
&lt;type 'unicode'&gt;</msg>
<status status="PASS" starttime="20201026 21:19:33.148" endtime="20201026 21:19:33.149"></status>
</kw>
<status status="PASS" starttime="20201026 21:19:32.633" endtime="20201026 21:19:33.150" critical="yes"></status>
</test>
<status status="PASS" starttime="20201026 21:19:32.484" endtime="20201026 21:19:33.154"></status>
</suite>
<suite id="s1-s2" name="Demo Ui" source="F:\SE\Demo-robot\testcases\demo_ui.robot">
<test id="s1-s2-t1" name="TC_001 Search Google">
<kw name="Open Browser" library="SeleniumLibrary">
<doc>Opens a new browser instance to the optional ``url``.</doc>
<arguments>
<arg>${google_url}</arg>
<arg>${browser}</arg>
</arguments>
<msg timestamp="20201026 21:19:33.481" level="INFO">Opening browser 'chrome' to base url 'http://www.google.com'.</msg>
<status status="PASS" starttime="20201026 21:19:33.480" endtime="20201026 21:19:41.709"></status>
</kw>
<kw name="Input Text" library="SeleniumLibrary">
<doc>Types the given ``text`` into the text field identified by ``locator``.</doc>
<arguments>
<arg>name=q</arg>
<arg>ทรูมันนี่</arg>
</arguments>
<msg timestamp="20201026 21:19:41.712" level="INFO">Typing text 'ทรูมันนี่' into text field 'name=q'.</msg>
<status status="PASS" starttime="20201026 21:19:41.711" endtime="20201026 21:19:41.805"></status>
</kw>
<kw name="Wait Until Element Is Visible" library="SeleniumLibrary">
<doc>Waits until the element ``locator`` is visible.</doc>
<arguments>
<arg>name=btnK</arg>
</arguments>
<status status="PASS" starttime="20201026 21:19:41.805" endtime="20201026 21:19:42.066"></status>
</kw>
<kw name="Click Button" library="SeleniumLibrary">
<doc>Clicks the button identified by ``locator``.</doc>
<arguments>
<arg>name=btnK</arg>
</arguments>
<msg timestamp="20201026 21:19:42.067" level="INFO">Clicking button 'name=btnK'.</msg>
<status status="PASS" starttime="20201026 21:19:42.066" endtime="20201026 21:19:42.831"></status>
</kw>
<kw name="Page Should Contain Element" library="SeleniumLibrary">
<doc>Verifies that element ``locator`` is found on the current page.</doc>
<arguments>
<arg>//*[@id="rso"]</arg>
</arguments>
<msg timestamp="20201026 21:19:42.842" level="INFO">Current page contains element '//*[@id="rso"]'.</msg>
<status status="PASS" starttime="20201026 21:19:42.831" endtime="20201026 21:19:42.842"></status>
</kw>
<kw name="Close Browser" library="SeleniumLibrary">
<doc>Closes the current browser.</doc>
<status status="PASS" starttime="20201026 21:19:42.843" endtime="20201026 21:19:45.106"></status>
</kw>
<status status="PASS" starttime="20201026 21:19:33.478" endtime="20201026 21:19:45.107" critical="yes"></status>
</test>
<test id="s1-s2-t2" name="TC_002 Login Fail">
<kw name="Open Browser" library="SeleniumLibrary">
<doc>Opens a new browser instance to the optional ``url``.</doc>
<arguments>
<arg>${login_url}</arg>
<arg>${browser}</arg>
</arguments>
<msg timestamp="20201026 21:19:45.110" level="INFO">Opening browser 'chrome' to base url 'http://the-internet.herokuapp.com/login'.</msg>
<status status="PASS" starttime="20201026 21:19:45.110" endtime="20201026 21:19:53.295"></status>
</kw>
<kw name="Input Text" library="SeleniumLibrary">
<doc>Types the given ``text`` into the text field identified by ``locator``.</doc>
<arguments>
<arg>name=username</arg>
<arg>abcd</arg>
</arguments>
<msg timestamp="20201026 21:19:53.297" level="INFO">Typing text 'abcd' into text field 'name=username'.</msg>
<status status="PASS" starttime="20201026 21:19:53.297" endtime="20201026 21:19:53.390"></status>
</kw>
<kw name="Input Text" library="SeleniumLibrary">
<doc>Types the given ``text`` into the text field identified by ``locator``.</doc>
<arguments>
<arg>name=password</arg>
<arg>abcd</arg>
</arguments>
<msg timestamp="20201026 21:19:53.390" level="INFO">Typing text 'abcd' into text field 'name=password'.</msg>
<status status="PASS" starttime="20201026 21:19:53.390" endtime="20201026 21:19:53.469"></status>
</kw>
<kw name="Submit Form" library="SeleniumLibrary">
<doc>Submits a form identified by ``locator``.</doc>
<msg timestamp="20201026 21:19:53.470" level="INFO">Submitting form 'None'.</msg>
<status status="PASS" starttime="20201026 21:19:53.470" endtime="20201026 21:19:54.249"></status>
</kw>
<kw name="Wait Until Page Contains" library="SeleniumLibrary">
<doc>Waits until ``text`` appears on the current page.</doc>
<arguments>
<arg>Your username is invalid!</arg>
</arguments>
<status status="PASS" starttime="20201026 21:19:54.250" endtime="20201026 21:19:54.261"></status>
</kw>
<kw name="Close Browser" library="SeleniumLibrary">
<doc>Closes the current browser.</doc>
<status status="PASS" starttime="20201026 21:19:54.261" endtime="20201026 21:19:57.644"></status>
</kw>
<status status="PASS" starttime="20201026 21:19:45.109" endtime="20201026 21:19:57.645" critical="yes"></status>
</test>
<status status="PASS" starttime="20201026 21:19:33.162" endtime="20201026 21:19:57.648"></status>
</suite>
<status status="PASS" starttime="20201026 21:19:32.451" endtime="20201026 21:19:57.653"></status>
</suite>
<statistics>
<total>
<stat pass="3" fail="0">Critical Tests</stat>
<stat pass="3" fail="0">All Tests</stat>
</total>
<tag>
</tag>
<suite>
<stat pass="3" fail="0" id="s1" name="Testcases">Testcases</stat>
<stat pass="1" fail="0" id="s1-s1" name="Demo Api">Testcases.Demo Api</stat>
<stat pass="2" fail="0" id="s1-s2" name="Demo Ui">Testcases.Demo Ui</stat>
</suite>
</statistics>
<errors>
</errors>
</robot>
